build/app/intermediates/manifest_merge_blame_file/debug/manifest-merger-blame-debug-report.txt
1<?xml version="1.0" encoding="utf-8"?>
2<manifest xmlns:android="http://schemas.android.com/apk/res/android"
3    package="co.appbrewery.clima"
4    android:versionCode="1"
5    android:versionName="1.0.0" >
6
7    <uses-sdk
8        android:minSdkVersion="16"
9        android:targetSdkVersion="29" />
10    <!--
11         Flutter needs it to communicate with the running application
12         to allow setting breakpoints, to provide hot reload, etc.
13    -->
14    <uses-permission android:name="android.permission.INTERNET" />
14-->src\debug\AndroidManifest.xml:6:5-66
14-->src\debug\AndroidManifest.xml:6:22-64
15    <!--
16     io.flutter.app.FlutterApplication is an android.app.Application that
17         calls FlutterMain.startInitialization(this); in its onCreate method.
18         In most cases you can leave this as-is, but you if you want to provide
19         additional functionality it is fine to subclass or reimplement
20         FlutterApplication and put your custom class here.
21    -->
22    <uses-permission android:name="android.permission.ACCESS_COARSE_LOCATION" />
22-->src\main\AndroidManifest.xml:9:5-81
22-->src\main\AndroidManifest.xml:9:22-78
23    <uses-permission android:name="android.permission.ACCESS_BACKGROUND_LOCATION" />
23-->src\main\AndroidManifest.xml:10:5-85
23-->src\main\AndroidManifest.xml:10:22-82
24
25    <meta-data
25-->src\main\AndroidManifest.xml:34:5-36:29
26        android:name="flutterEmbedding"
26-->src\main\AndroidManifest.xml:35:9-40
27        android:value="2" />
27-->src\main\AndroidManifest.xml:36:9-26
28
29    <application
29-->src\main\AndroidManifest.xml:11:5-33:19
30        android:appComponentFactory="androidx.core.app.CoreComponentFactory"
30-->[androidx.core:core:1.1.0] AndroidManifest.xml:24:18-86
31        android:debuggable="true"
32        android:icon="@mipmap/ic_launcher"
32-->src\main\AndroidManifest.xml:13:9-43
33        android:label="clima" >
33-->src\main\AndroidManifest.xml:12:9-30
34        <activity
34-->src\main\AndroidManifest.xml:14:9-32:20
35            android:name="co.appbrewery.clima.MainActivity"
35-->src\main\AndroidManifest.xml:15:13-41
36            android:configChanges="orientation|keyboardHidden|keyboard|screenSize|locale|layoutDirection|fontScale|screenLayout|density|uiMode"
36-->src\main\AndroidManifest.xml:18:13-144
37            android:hardwareAccelerated="true"
37-->src\main\AndroidManifest.xml:19:13-47
38            android:launchMode="singleTop"
38-->src\main\AndroidManifest.xml:16:13-43
39            android:theme="@style/LaunchTheme"
39-->src\main\AndroidManifest.xml:17:13-47
40            android:windowSoftInputMode="adjustResize" >
40-->src\main\AndroidManifest.xml:20:13-55
41
42            <!--
43                 This keeps the window background of the activity showing
44                 until Flutter renders its first frame. It can be removed if
45                 there is no splash screen (such as the default splash screen
46                 defined in @style/LaunchTheme).
47            -->
48            <meta-data
48-->src\main\AndroidManifest.xml:25:13-27:40
49                android:name="io.flutter.app.android.SplashScreenUntilFirstFrame"
49-->src\main\AndroidManifest.xml:26:17-82
50                android:value="true" />
50-->src\main\AndroidManifest.xml:27:17-37
51
52            <intent-filter>
52-->src\main\AndroidManifest.xml:28:13-31:29
53                <action android:name="android.intent.action.MAIN" />
53-->src\main\AndroidManifest.xml:29:17-68
53-->src\main\AndroidManifest.xml:29:25-66
54
55                <category android:name="android.intent.category.LAUNCHER" />
55-->src\main\AndroidManifest.xml:30:17-76
55-->src\main\AndroidManifest.xml:30:27-74
56            </intent-filter>
57        </activity>
58        <activity
58-->[com.google.android.gms:play-services-base:17.0.0] AndroidManifest.xml:23:9-26:75
59            android:name="com.google.android.gms.common.api.GoogleApiActivity"
59-->[com.google.android.gms:play-services-base:17.0.0] AndroidManifest.xml:24:13-79
60            android:exported="false"
60-->[com.google.android.gms:play-services-base:17.0.0] AndroidManifest.xml:25:13-37
61            android:theme="@android:style/Theme.Translucent.NoTitleBar" />
61-->[com.google.android.gms:play-services-base:17.0.0] AndroidManifest.xml:26:13-72
62
63        <meta-data
63-->[com.google.android.gms:play-services-basement:17.0.0] AndroidManifest.xml:23:9-25:69
64            android:name="com.google.android.gms.version"
64-->[com.google.android.gms:play-services-basement:17.0.0] AndroidManifest.xml:24:13-58
65            android:value="@integer/google_play_services_version" />
65-->[com.google.android.gms:play-services-basement:17.0.0] AndroidManifest.xml:25:13-66
66    </application>
67
68</manifest>